<?xml version="1.0" encoding="UTF-8"?>
<robot generator="Robot 3.2.2 (Python 3.9.0 on darwin)" generated="20201106 13:47:39.011" rpa="false">
<suite id="s1" name="PreLoginTests" source="/Users/prathijamoolya/Kuvera/Automation/Kuvera_RF/Tests/PreLoginTests.robot">
<test id="s1-t1" name="Menu Navigation">
<kw name="Begin Mobile Test Kuvera" library="Common">
<kw name="Open Application" library="AppiumLibrary">
<doc>Opens a new application to given Appium server.
Capabilities of appium server, Android and iOS,
Please check https://github.com/appium/appium/blob/master/docs/en/writing-running-appium/server-args.md
| *Option*            | *Man.* | *Description*     |
| remote_url          | Yes    | Appium server url |
| alias               | no     | alias             |</doc>
<arguments>
<arg>${server}</arg>
<arg>platformName=${platform}</arg>
<arg>platformVersion=${platform_version}</arg>
<arg>deviceName=${device}</arg>
<arg>automationName=${appium}</arg>
<arg>appActivity=${app_activity}</arg>
<arg>appPackage=${app_package}</arg>
</arguments>
<status status="PASS" starttime="20201106 13:47:39.332" endtime="20201106 13:47:48.951"></status>
</kw>
<kw name="Wait For Element Visbility" library="Common">
<arguments>
<arg>${KU_slider1}</arg>
</arguments>
<kw name="Wait Until Element Is Visible" library="AppiumLibrary">
<doc>Waits until element specified with `locator` is visible.</doc>
<arguments>
<arg>${element}</arg>
<arg>timeout=30</arg>
</arguments>
<status status="PASS" starttime="20201106 13:47:48.952" endtime="20201106 13:47:53.904"></status>
</kw>
<status status="PASS" starttime="20201106 13:47:48.952" endtime="20201106 13:47:53.905"></status>
</kw>
<status status="PASS" starttime="20201106 13:47:39.331" endtime="20201106 13:47:53.905"></status>
</kw>
<kw name="Skip Sliders" library="Common">
<kw name="Click Element" library="AppiumLibrary">
<doc>Click element identified by `locator`.</doc>
<arguments>
<arg>${KU_slider5}</arg>
</arguments>
<msg timestamp="20201106 13:47:53.909" level="INFO">Clicking element 'xpath=//*[@text="Go to slide 5"]'.</msg>
<status status="PASS" starttime="20201106 13:47:53.906" endtime="20201106 13:47:54.162"></status>
</kw>
<kw name="Click Element" library="AppiumLibrary">
<doc>Click element identified by `locator`.</doc>
<arguments>
<arg>${KU_slider1}</arg>
</arguments>
<msg timestamp="20201106 13:47:54.165" level="INFO">Clicking element 'xpath=//*[@text="Go to slide 1"]'.</msg>
<status status="PASS" starttime="20201106 13:47:54.162" endtime="20201106 13:47:54.762"></status>
</kw>
<kw name="Wait Until Element Is Visible" library="AppiumLibrary">
<doc>Waits until element specified with `locator` is visible.</doc>
<arguments>
<arg>${KU_skip}</arg>
</arguments>
<status status="PASS" starttime="20201106 13:47:54.763" endtime="20201106 13:47:55.510"></status>
</kw>
<kw name="Click Element" library="AppiumLibrary">
<doc>Click element identified by `locator`.</doc>
<arguments>
<arg>${KU_skip}</arg>
</arguments>
<msg timestamp="20201106 13:47:55.512" level="INFO">Clicking element 'xpath=//*[@text="Skip"]'.</msg>
<status status="PASS" starttime="20201106 13:47:55.510" endtime="20201106 13:47:55.740"></status>
</kw>
<status status="PASS" starttime="20201106 13:47:53.905" endtime="20201106 13:47:55.741"></status>
</kw>
<kw name="Kuvera Logo Click" library="Common">
<kw name="Wait Until Element Is Visible" library="AppiumLibrary">
<doc>Waits until element specified with `locator` is visible.</doc>
<arguments>
<arg>${KU_logo}</arg>
</arguments>
<status status="PASS" starttime="20201106 13:47:55.742" endtime="20201106 13:47:57.161"></status>
</kw>
<kw name="Click Element" library="AppiumLibrary">
<doc>Click element identified by `locator`.</doc>
<arguments>
<arg>${KU_logo}</arg>
</arguments>
<msg timestamp="20201106 13:47:57.163" level="INFO">Clicking element 'xpath=//*[@text='kuvera-logo-dark']'.</msg>
<status status="PASS" starttime="20201106 13:47:57.161" endtime="20201106 13:47:57.525"></status>
</kw>
<kw name="Wait Until Element Is Visible" library="AppiumLibrary">
<doc>Waits until element specified with `locator` is visible.</doc>
<arguments>
<arg>${KU_close}</arg>
</arguments>
<status status="PASS" starttime="20201106 13:47:57.525" endtime="20201106 13:48:01.474"></status>
</kw>
<kw name="Click Element" library="AppiumLibrary">
<doc>Click element identified by `locator`.</doc>
<arguments>
<arg>${KU_close}</arg>
</arguments>
<msg timestamp="20201106 13:48:01.476" level="INFO">Clicking element 'xpath=//*[@text='Close']'.</msg>
<status status="PASS" starttime="20201106 13:48:01.475" endtime="20201106 13:48:02.737"></status>
</kw>
<status status="PASS" starttime="20201106 13:47:55.741" endtime="20201106 13:48:02.738"></status>
</kw>
<kw name="Move To Explore Funds" library="Common">
<kw name="Get Source" library="AppiumLibrary">
<doc>Returns the entire source of the current page.</doc>
<status status="PASS" starttime="20201106 13:48:02.739" endtime="20201106 13:48:03.323"></status>
</kw>
<kw name="Swipe By Percent" library="AppiumLibrary">
<doc>Swipe from one percent of the screen to another percent, for an optional duration.
Normal swipe fails to scale for different screen resolutions, this can be avoided using percent.</doc>
<arguments>
<arg>50</arg>
<arg>80</arg>
<arg>50</arg>
<arg>60</arg>
</arguments>
<status status="PASS" starttime="20201106 13:48:03.324" endtime="20201106 13:48:04.669"></status>
</kw>
<kw name="Get Source" library="AppiumLibrary">
<doc>Returns the entire source of the current page.</doc>
<status status="PASS" starttime="20201106 13:48:04.670" endtime="20201106 13:48:06.174"></status>
</kw>
<kw name="Sleep" library="BuiltIn">
<doc>Pauses the test executed for the given time.</doc>
<arguments>
<arg>10</arg>
</arguments>
<msg timestamp="20201106 13:48:16.177" level="INFO">Slept 10 seconds</msg>
<status status="PASS" starttime="20201106 13:48:06.174" endtime="20201106 13:48:16.177"></status>
</kw>
<kw name="Get Source" library="AppiumLibrary">
<doc>Returns the entire source of the current page.</doc>
<status status="PASS" starttime="20201106 13:48:16.177" endtime="20201106 13:48:16.269"></status>
</kw>
<kw name="Click Button" library="AppiumLibrary">
<doc>Click button</doc>
<arguments>
<arg>Explore ELSS funds</arg>
</arguments>
<kw name="Capture Page Screenshot" library="AppiumLibrary">
<doc>Takes a screenshot of the current page and embeds it into the log.</doc>
<msg timestamp="20201106 13:48:17.142" level="INFO" html="yes">&lt;/td&gt;&lt;/tr&gt;&lt;tr&gt;&lt;td colspan="3"&gt;&lt;a href="appium-screenshot-1.png"&gt;&lt;img src="appium-screenshot-1.png" width="800px"&gt;&lt;/a&gt;</msg>
<status status="PASS" starttime="20201106 13:48:16.270" endtime="20201106 13:48:17.142"></status>
</kw>
<msg timestamp="20201106 13:48:17.144" level="FAIL">AttributeError: 'dict' object has no attribute 'has_key'</msg>
<status status="FAIL" starttime="20201106 13:48:16.269" endtime="20201106 13:48:17.144"></status>
</kw>
<status status="FAIL" starttime="20201106 13:48:02.738" endtime="20201106 13:48:17.144"></status>
</kw>
<tags>
<tag>TC01</tag>
</tags>
<status status="FAIL" starttime="20201106 13:47:39.329" endtime="20201106 13:48:17.145" critical="yes">AttributeError: 'dict' object has no attribute 'has_key'</status>
</test>
<status status="FAIL" starttime="20201106 13:47:39.014" endtime="20201106 13:48:17.146"></status>
</suite>
<statistics>
<total>
<stat pass="0" fail="1">Critical Tests</stat>
<stat pass="0" fail="1">All Tests</stat>
</total>
<tag>
<stat pass="0" fail="1">TC01</stat>
</tag>
<suite>
<stat pass="0" fail="1" id="s1" name="PreLoginTests">PreLoginTests</stat>
</suite>
</statistics>
<errors>
</errors>
</robot>
